src/components/CandidateUpload.tsx(2,38): error TS6137: Cannot import type declaration files. Consider importing 'components' instead of '@types/components'.
src/components/JobDescriptionInput.tsx(2,42): error TS6137: Cannot import type declaration files. Consider importing 'components' instead of '@types/components'.
src/pages/Dashboard.tsx(5,30): error TS7016: Could not find a declaration file for module '@components/CandidateRanking'. 'C:/Users/Administrator/Documents/talentmatch/src/components/CandidateRanking.jsx' implicitly has an 'any' type.
src/pages/Dashboard.tsx(6,32): error TS7016: Could not find a declaration file for module '@components/InterviewQuestions'. 'C:/Users/Administrator/Documents/talentmatch/src/components/InterviewQuestions.jsx' implicitly has an 'any' type.
src/pages/Dashboard.tsx(7,10): error TS2305: Module '"@types/candidate"' has no exported member 'JobDescription'.
src/pages/Dashboard.tsx(7,43): error TS6137: Cannot import type declaration files. Consider importing 'candidate' instead of '@types/candidate'.
src/pages/Dashboard.tsx(15,21): error TS6133: 'setIsLoading' is declared but its value is never read.
src/pages/LandingPage.tsx(5,25): error TS7016: Could not find a declaration file for module '@components/FeatureCard'. 'C:/Users/Administrator/Documents/talentmatch/src/components/FeatureCard.jsx' implicitly has an 'any' type.
src/pages/LandingPage.tsx(6,25): error TS7016: Could not find a declaration file for module '@components/Testimonial'. 'C:/Users/Administrator/Documents/talentmatch/src/components/Testimonial.jsx' implicitly has an 'any' type.
src/pages/LandingPage.tsx(7,1): error TS6133: 'PricingCard' is declared but its value is never read.
src/pages/LandingPage.tsx(7,25): error TS7016: Could not find a declaration file for module '@components/PricingCard'. 'C:/Users/Administrator/Documents/talentmatch/src/components/PricingCard.jsx' implicitly has an 'any' type.
vite.config.ts(3,31): error TS2307: Cannot find module 'url' or its corresponding type declarations.
vite.config.ts(4,34): error TS2307: Cannot find module 'path' or its corresponding type declarations.
