src/App.tsx(2,1): error TS6133: 'React' is declared but its value is never read.
src/App.tsx(4,25): error TS7016: Could not find a declaration file for module './pages/LandingPage'. 'C:/Users/Administrator/Documents/talentmatch/src/pages/LandingPage.jsx' implicitly has an 'any' type.
src/App.tsx(5,23): error TS7016: Could not find a declaration file for module './pages/Dashboard'. 'C:/Users/Administrator/Documents/talentmatch/src/pages/Dashboard.jsx' implicitly has an 'any' type.
src/types/components.ts(1,21): error TS2305: Module '"./candidate"' has no exported member 'JobDescription'.
vite.config.ts(3,18): error TS2307: Cannot find module 'path' or its corresponding type declarations.
vite.config.ts(27,25): error TS2304: Cannot find name '__dirname'.
vite.config.ts(28,35): error TS2304: Cannot find name '__dirname'.
vite.config.ts(29,30): error TS2304: Cannot find name '__dirname'.
vite.config.ts(30,30): error TS2304: Cannot find name '__dirname'.
vite.config.ts(31,30): error TS2304: Cannot find name '__dirname'.
